\BOOKMARK [0][-]{chapter*.1}{Preface}{}% 1
\BOOKMARK [0][-]{chapter*.3}{Abstract}{}% 2
\BOOKMARK [0][-]{chapter*.4}{Samenvatting}{}% 3
\BOOKMARK [0][-]{chapter*.5}{List of Figures and Tables}{}% 4
\BOOKMARK [0][-]{chapter*.10}{List of Abbreviations and Symbols}{}% 5
\BOOKMARK [0][-]{chapter.1}{Introduction}{}% 6
\BOOKMARK [1][-]{section.1.1}{Wat moet er vermeld worden}{chapter.1}% 7
\BOOKMARK [0][-]{chapter.2}{Comfort definition and modelling}{}% 8
\BOOKMARK [1][-]{section.2.1}{The First Topic of the Chapter}{chapter.2}% 9
\BOOKMARK [1][-]{section.2.2}{A Second Topic}{chapter.2}% 10
\BOOKMARK [1][-]{section.2.3}{Conclusion}{chapter.2}% 11
\BOOKMARK [0][-]{chapter.3}{The Learning Algorithm}{}% 12
\BOOKMARK [1][-]{section.3.1}{The First Topic of this Chapter}{chapter.3}% 13
\BOOKMARK [1][-]{section.3.2}{Figures}{chapter.3}% 14
\BOOKMARK [1][-]{section.3.3}{Tables}{chapter.3}% 15
\BOOKMARK [1][-]{section.3.4}{Conclusion}{chapter.3}% 16
\BOOKMARK [0][-]{chapter.4}{Path Planning MPC}{}% 17
\BOOKMARK [1][-]{section.4.1}{The First Topic of the Chapter}{chapter.4}% 18
\BOOKMARK [1][-]{section.4.2}{A Second Topic}{chapter.4}% 19
\BOOKMARK [1][-]{section.4.3}{Conclusion}{chapter.4}% 20
\BOOKMARK [0][-]{chapter.5}{Path tracking MPC}{}% 21
\BOOKMARK [1][-]{section.5.1}{The First Topic of this Chapter}{chapter.5}% 22
\BOOKMARK [1][-]{section.5.2}{The Second Topic}{chapter.5}% 23
\BOOKMARK [1][-]{section.5.3}{Conclusion}{chapter.5}% 24
\BOOKMARK [0][-]{chapter.6}{Validatie}{}% 25
\BOOKMARK [1][-]{section.6.1}{The First Topic of this Chapter}{chapter.6}% 26
\BOOKMARK [1][-]{section.6.2}{The Second Topic}{chapter.6}% 27
\BOOKMARK [1][-]{section.6.3}{Conclusion}{chapter.6}% 28
\BOOKMARK [0][-]{chapter.7}{Conclusion}{}% 29
\BOOKMARK [0][-]{appendix.A}{The First Appendix}{}% 30
\BOOKMARK [1][-]{section.A.1}{More Lorem}{appendix.A}% 31
\BOOKMARK [1][-]{section.A.2}{Lorem 51}{appendix.A}% 32
\BOOKMARK [0][-]{appendix.B}{The Last Appendix}{}% 33
\BOOKMARK [1][-]{section.B.1}{Lorem 20-24}{appendix.B}% 34
\BOOKMARK [1][-]{section.B.2}{Lorem 25-27}{appendix.B}% 35
\BOOKMARK [0][-]{appendix*.17}{Bibliography}{}% 36
